This is pdfTeX, Version 3.141592653-2.6-1.40.22 (TeX Live 2021) (preloaded format=pdflatex 2021.5.14)  13 NOV 2021 21:07
entering extended mode
 restricted \write18 enabled.
 file:line:error style messages enabled.
 %&-line parsing enabled.
**abstract.tex
(./abstract.tex
LaTeX2e <2020-10-01> patch level 4
L3 programming layer <2021-02-18>

./abstract.tex:17: LaTeX Error: Missing \begin{document}.

See the LaTeX manual or LaTeX Companion for explanation.
Type  H <return>  for immediate help.
 ...                                              
                                                  
l.17 I
      n this thesis, we study the problem of identifying an anomalous arm in...

? 
./abstract.tex:17: Emergency stop.
 ...                                              
                                                  
l.17 I
      n this thesis, we study the problem of identifying an anomalous arm in...

You're in trouble here.  Try typing  <return>  to proceed.
If that doesn't work, type  X <return>  to quit.

 
Here is how much of TeX's memory you used:
 17 strings out of 478994
 520 string characters out of 5858184
 283044 words of memory out of 5000000
 17602 multiletter control sequences out of 15000+600000
 403430 words of font info for 27 fonts, out of 8000000 for 9000
 1141 hyphenation exceptions out of 8191
 13i,0n,15p,1217b,14s stack positions out of 5000i,500n,10000p,200000b,80000s
./abstract.tex:17:  ==> Fatal error occurred, no output PDF file produced!
